<?xml version="1.0" encoding="UTF-8"?>
<!-- Generated by org.testng.reporters.JUnitXMLReporter -->
<testsuite ignored="1" hostname="Anee" failures="0" tests="1" name="Default test" time="4.914" errors="0" timestamp="2025-01-12T14:37:14 IST">
  <testcase classname="polymorphism.TestPolymorphism" name="testLoginPage" time="0.376"/>
  <testcase classname="polymorphism.TestPolymorphism" name="testHomePage" time="0.0">
    <ignored/>
  </testcase> <!-- testHomePage -->
</testsuite> <!-- Default test -->
