<?xml version="1.0" encoding="UTF-8"?>
<testng-results ignored="0" total="1" passed="1" failed="0" skipped="0">
  <reporter-output>
  </reporter-output>
  <suite started-at="2025-01-12T14:37:09 IST" name="Default suite" finished-at="2025-01-12T14:37:14 IST" duration-ms="4914">
    <groups>
    </groups>
    <test started-at="2025-01-12T14:37:09 IST" name="Default test" finished-at="2025-01-12T14:37:14 IST" duration-ms="4914">
      <class name="polymorphism.TestPolymorphism">
        <test-method is-config="true" signature="setUp()[pri:0, instance:polymorphism.TestPolymorphism@3d8bbcdc]" started-at="2025-01-12T14:37:09 IST" name="setUp" finished-at="2025-01-12T14:37:13 IST" duration-ms="4301" status="PASS">
          <reporter-output>
          </reporter-output>
        </test-method> <!-- setUp -->
        <test-method signature="testLoginPage()[pri:0, instance:polymorphism.TestPolymorphism@3d8bbcdc]" started-at="2025-01-12T14:37:13 IST" name="testLoginPage" finished-at="2025-01-12T14:37:14 IST" duration-ms="376" status="PASS">
          <reporter-output>
          </reporter-output>
        </test-method> <!-- testLoginPage -->
        <test-method is-config="true" signature="tearDown()[pri:0, instance:polymorphism.TestPolymorphism@3d8bbcdc]" started-at="2025-01-12T14:37:14 IST" name="tearDown" finished-at="2025-01-12T14:37:14 IST" duration-ms="191" status="PASS">
          <reporter-output>
          </reporter-output>
        </test-method> <!-- tearDown -->
      </class> <!-- polymorphism.TestPolymorphism -->
    </test> <!-- Default test -->
  </suite> <!-- Default suite -->
</testng-results>
